<?xml version="1.0" encoding="UTF-8"?>
<testng-results ignored="0" total="3" passed="3" failed="0" skipped="0">
  <reporter-output>
  </reporter-output>
  <suite started-at="2023-05-05T14:53:35 IST" name="Default suite" finished-at="2023-05-05T14:53:35 IST" duration-ms="32">
    <groups>
    </groups>
    <test started-at="2023-05-05T14:53:35 IST" name="Default test" finished-at="2023-05-05T14:53:35 IST" duration-ms="32">
      <class name="basicprograms.parameters">
        <test-method signature="test3()[pri:-2, instance:basicprograms.parameters@2525ff7e]" started-at="2023-05-05T14:53:35 IST" name="test3" finished-at="2023-05-05T14:53:35 IST" duration-ms="5" status="PASS">
          <reporter-output>
          </reporter-output>
        </test-method> <!-- test3 -->
        <test-method signature="test2()[pri:0, instance:basicprograms.parameters@2525ff7e]" started-at="2023-05-05T14:53:35 IST" name="test2" finished-at="2023-05-05T14:53:35 IST" duration-ms="1" status="PASS">
          <reporter-output>
          </reporter-output>
        </test-method> <!-- test2 -->
        <test-method signature="test1()[pri:1, instance:basicprograms.parameters@2525ff7e]" started-at="2023-05-05T14:53:35 IST" name="test1" finished-at="2023-05-05T14:53:35 IST" duration-ms="0" status="PASS">
          <reporter-output>
          </reporter-output>
        </test-method> <!-- test1 -->
      </class> <!-- basicprograms.parameters -->
    </test> <!-- Default test -->
  </suite> <!-- Default suite -->
</testng-results>
