<?xml version="1.0" encoding="UTF-8"?>
<!-- Generated by org.testng.reporters.JUnitXMLReporter -->
<testsuite ignored="0" hostname="DESKTOP-Q1KPBM0" failures="0" tests="3" name="Default test" time="0.032" errors="0" timestamp="2023-05-05T14:53:35 IST">
  <testcase classname="basicprograms.parameters" name="test3" time="0.005"/>
  <testcase classname="basicprograms.parameters" name="test2" time="0.001"/>
  <testcase classname="basicprograms.parameters" name="test1" time="0.0"/>
</testsuite> <!-- Default test -->
