<?xml version="1.0" encoding="UTF-8"?>
<!-- Generated by org.testng.reporters.JUnitXMLReporter -->
<testsuite ignored="1" hostname="DESKTOP-Q1KPBM0" failures="0" tests="6" name="Test" time="0.044" errors="0" timestamp="2023-05-04T14:41:32 IST">
  <testcase classname="basicprograms.parameters" name="test1" time="0.006"/>
  <testcase classname="basicprograms.parameters" name="test1" time="0.001"/>
  <testcase classname="basicprograms.parameters" name="test1" time="0.001"/>
  <testcase classname="basicprograms.parameters" name="test1" time="0.0"/>
  <testcase classname="basicprograms.parameters" name="test1" time="0.001"/>
  <testcase classname="basicprograms.parameters" name="test2" time="0.001"/>
  <testcase classname="basicprograms.parameters" name="test3" time="0.0">
    <ignored/>
  </testcase> <!-- test3 -->
</testsuite> <!-- Test -->
